<?xml version="1.0" encoding="UTF-8"?>
<testng-results skipped="0" failed="0" total="1" passed="1">
  <reporter-output>
  </reporter-output>
  <suite name="Default suite" duration-ms="19475" started-at="2016-06-17T04:43:30Z" finished-at="2016-06-17T04:43:49Z">
    <groups>
    </groups>
    <test name="Default test" duration-ms="19475" started-at="2016-06-17T04:43:30Z" finished-at="2016-06-17T04:43:49Z">
      <class name="Test.TestNG">
        <test-method status="PASS" signature="myBrowser()[pri:0, instance:Test.TestNG@31ef45e3]" name="myBrowser" is-config="true" duration-ms="14288" started-at="2016-06-17T11:43:15Z" finished-at="2016-06-17T11:43:30Z">
          <reporter-output>
          </reporter-output>
        </test-method> <!-- myBrowser -->
        <test-method status="PASS" signature="openTab()[pri:0, instance:Test.TestNG@31ef45e3]" name="openTab" is-config="true" duration-ms="0" started-at="2016-06-17T11:43:30Z" finished-at="2016-06-17T11:43:30Z">
          <reporter-output>
          </reporter-output>
        </test-method> <!-- openTab -->
        <test-method status="PASS" signature="navigateTo()[pri:0, instance:Test.TestNG@31ef45e3]" name="navigateTo" is-config="true" duration-ms="1" started-at="2016-06-17T11:43:30Z" finished-at="2016-06-17T11:43:30Z">
          <reporter-output>
          </reporter-output>
        </test-method> <!-- navigateTo -->
        <test-method status="PASS" signature="tabTwo()[pri:0, instance:Test.TestNG@31ef45e3]" name="tabTwo" duration-ms="19437" started-at="2016-06-17T11:43:30Z" finished-at="2016-06-17T11:43:49Z">
          <reporter-output>
          </reporter-output>
        </test-method> <!-- tabTwo -->
        <test-method status="PASS" signature="closeTab()[pri:0, instance:Test.TestNG@31ef45e3]" name="closeTab" is-config="true" duration-ms="1" started-at="2016-06-17T11:43:49Z" finished-at="2016-06-17T11:43:49Z">
          <reporter-output>
          </reporter-output>
        </test-method> <!-- closeTab -->
        <test-method status="PASS" signature="navigateBack()[pri:0, instance:Test.TestNG@31ef45e3]" name="navigateBack" is-config="true" duration-ms="0" started-at="2016-06-17T11:43:49Z" finished-at="2016-06-17T11:43:49Z">
          <reporter-output>
          </reporter-output>
        </test-method> <!-- navigateBack -->
        <test-method status="PASS" signature="closeBrowser()[pri:0, instance:Test.TestNG@31ef45e3]" name="closeBrowser" is-config="true" duration-ms="4999" started-at="2016-06-17T11:43:52Z" finished-at="2016-06-17T11:43:57Z">
          <reporter-output>
          </reporter-output>
        </test-method> <!-- closeBrowser -->
      </class> <!-- Test.TestNG -->
    </test> <!-- Default test -->
  </suite> <!-- Default suite -->
</testng-results>
